<?xml version="1.0" encoding="UTF-8"?>
<!-- Generated by org.testng.reporters.JUnitReportReporter -->
<testsuite hostname="DESKTOP-AHPQDSI" failures="0" tests="1" name="Project.TestClass" time="0.046" errors="0" timestamp="2024-03-01T12:06:31 IST" skipped="0">
  <testcase classname="Project.TestClass" name="loginPagemethod" time="0.046"/>
  <system-out/>
</testsuite> <!-- Project.TestClass -->
